<?xml version='1.0' encoding='UTF-8'?>
<testsuite hostname="Air-Donald-Lamaj-M1.local" name="petstore.acceptancetests.publicapi.pet.PetsSpec" tests="3" errors="0" failures="1" skipped="0" time="3.826" timestamp="2021-05-27T23:08:30">
          <properties>
[...]
</properties>
          <testcase classname="petstore.acceptancetests.publicapi.pet.PetsSpec" name="Petstore Public APIs v0 GET pet/{id} should return 200 and return pet by ID" time="2.504">
                      <failure message="{&quot;category&quot;:{&quot;id&quot;:0,&quot;name&quot;:&quot;cat&quot;},&quot;id&quot;:9,&quot;name&quot;:&quot;Zipontiy&quot;,&quot;photoUrls&quot;:[&quot;string&quot;],&quot;status&quot;:&quot;sold&quot;,&quot;tags&quot;:[{&quot;id&quot;:0,&quot;name&quot;:&quot;string&quot;}]} was not equal to {&quot;category&quot;:{&quot;id&quot;:9,&quot;name&quot;:&quot;string&quot;},&quot;id&quot;:9,&quot;name&quot;:&quot;sweety&quot;,&quot;photoUrls&quot;:[&quot;string&quot;],&quot;status&quot;:&quot;available&quot;,&quot;tags&quot;:[{&quot;id&quot;:0,&quot;name&quot;:&quot;string&quot;}]}" type="org.scalatest.exceptions.TestFailedException">org.scalatest.exceptions.TestFailedException: {&quot;category&quot;:{&quot;id&quot;:0,&quot;name&quot;:&quot;cat&quot;},&quot;id&quot;:9,&quot;name&quot;:&quot;Zipontiy&quot;,&quot;photoUrls&quot;:[&quot;string&quot;],&quot;status&quot;:&quot;sold&quot;,&quot;tags&quot;:[{&quot;id&quot;:0,&quot;name&quot;:&quot;string&quot;}]} was not equal to {&quot;category&quot;:{&quot;id&quot;:9,&quot;name&quot;:&quot;string&quot;},&quot;id&quot;:9,&quot;name&quot;:&quot;sweety&quot;,&quot;photoUrls&quot;:[&quot;string&quot;],&quot;status&quot;:&quot;available&quot;,&quot;tags&quot;:[{&quot;id&quot;:0,&quot;name&quot;:&quot;string&quot;}]}
	at org.scalatest.matchers.MatchersHelper$.indicateFailure(MatchersHelper.scala:339)
	at org.scalatest.matchers.should.Matchers$AnyShouldWrapper.shouldBe(Matchers.scala:6982)
	at petstore.acceptancetests.publicapi.pet.PetsSpec.$anonfun$new$3(PetsSpec.scala:52)
	at org.scalatest.OutcomeOf.outcomeOf(OutcomeOf.scala:85)
	at org.scalatest.OutcomeOf.outcomeOf$(OutcomeOf.scala:83)
	at org.scalatest.OutcomeOf$.outcomeOf(OutcomeOf.scala:104)
	at org.scalatest.Transformer.apply(Transformer.scala:22)
	at org.scalatest.Transformer.apply(Transformer.scala:20)
	at org.scalatest.funspec.AnyFunSpecLike$$anon$1.apply(AnyFunSpecLike.scala:457)
	at org.scalatest.TestSuite.withFixture(TestSuite.scala:196)
	at org.scalatest.TestSuite.withFixture$(TestSuite.scala:195)
	at org.scalatest.funspec.AnyFunSpec.withFixture(AnyFunSpec.scala:1631)
	at org.scalatest.funspec.AnyFunSpecLike.invokeWithFixture$1(AnyFunSpecLike.scala:455)
	at org.scalatest.funspec.AnyFunSpecLike.$anonfun$runTest$1(AnyFunSpecLike.scala:467)
	at org.scalatest.SuperEngine.runTestImpl(Engine.scala:306)
	at org.scalatest.funspec.AnyFunSpecLike.runTest(AnyFunSpecLike.scala:467)
	at org.scalatest.funspec.AnyFunSpecLike.runTest$(AnyFunSpecLike.scala:449)
	at org.scalatest.funspec.AnyFunSpec.runTest(AnyFunSpec.scala:1631)
	at org.scalatest.funspec.AnyFunSpecLike.$anonfun$runTests$1(AnyFunSpecLike.scala:500)
	at org.scalatest.SuperEngine.$anonfun$runTestsInBranch$1(Engine.scala:413)
	at scala.collection.immutable.List.foreach(List.scala:333)
	at org.scalatest.SuperEngine.traverseSubNodes$1(Engine.scala:401)
	at org.scalatest.SuperEngine.runTestsInBranch(Engine.scala:390)
	at org.scalatest.SuperEngine.$anonfun$runTestsInBranch$1(Engine.scala:427)
	at scala.collection.immutable.List.foreach(List.scala:333)
	at org.scalatest.SuperEngine.traverseSubNodes$1(Engine.scala:401)
	at org.scalatest.SuperEngine.runTestsInBranch(Engine.scala:390)
	at org.scalatest.SuperEngine.$anonfun$runTestsInBranch$1(Engine.scala:427)
	at scala.collection.immutable.List.foreach(List.scala:333)
	at org.scalatest.SuperEngine.traverseSubNodes$1(Engine.scala:401)
	at org.scalatest.SuperEngine.runTestsInBranch(Engine.scala:396)
	at org.scalatest.SuperEngine.runTestsImpl(Engine.scala:475)
	at org.scalatest.funspec.AnyFunSpecLike.runTests(AnyFunSpecLike.scala:500)
	at org.scalatest.funspec.AnyFunSpecLike.runTests$(AnyFunSpecLike.scala:499)
	at org.scalatest.funspec.AnyFunSpec.runTests(AnyFunSpec.scala:1631)
	at org.scalatest.Suite.run(Suite.scala:1112)
	at org.scalatest.Suite.run$(Suite.scala:1094)
	at org.scalatest.funspec.AnyFunSpec.org$scalatest$funspec$AnyFunSpecLike$$super$run(AnyFunSpec.scala:1631)
	at org.scalatest.funspec.AnyFunSpecLike.$anonfun$run$1(AnyFunSpecLike.scala:504)
	at org.scalatest.SuperEngine.runImpl(Engine.scala:535)
	at org.scalatest.funspec.AnyFunSpecLike.run(AnyFunSpecLike.scala:504)
	at org.scalatest.funspec.AnyFunSpecLike.run$(AnyFunSpecLike.scala:503)
	at org.scalatest.funspec.AnyFunSpec.run(AnyFunSpec.scala:1631)
	at org.scalatest.tools.Framework.org$scalatest$tools$Framework$$runSuite(Framework.scala:318)
	at org.scalatest.tools.Framework$ScalaTestTask.execute(Framework.scala:513)
	at sbt.TestRunner.runTest$1(TestFramework.scala:140)
	at sbt.TestRunner.run(TestFramework.scala:155)
	at sbt.TestFramework$$anon$3$$anonfun$$lessinit$greater$1.$anonfun$apply$1(TestFramework.scala:318)
	at sbt.TestFramework$.sbt$TestFramework$$withContextLoader(TestFramework.scala:278)
	at sbt.TestFramework$$anon$3$$anonfun$$lessinit$greater$1.apply(TestFramework.scala:318)
	at sbt.TestFramework$$anon$3$$anonfun$$lessinit$greater$1.apply(TestFramework.scala:318)
	at sbt.TestFunction.apply(TestFramework.scala:330)
	at sbt.Tests$.$anonfun$toTask$1(Tests.scala:435)
	at sbt.std.Transform$$anon$3.$anonfun$apply$2(Transform.scala:46)
	at sbt.std.Transform$$anon$4.work(Transform.scala:68)
	at sbt.Execute.$anonfun$submit$2(Execute.scala:282)
	at sbt.internal.util.ErrorHandling$.wideConvert(ErrorHandling.scala:23)
	at sbt.Execute.work(Execute.scala:291)
	at sbt.Execute.$anonfun$submit$1(Execute.scala:282)
	at sbt.ConcurrentRestrictions$$anon$4.$anonfun$submitValid$1(ConcurrentRestrictions.scala:265)
	at sbt.CompletionService$$anon$2.call(CompletionService.scala:64)
	at java.base/java.util.concurrent.FutureTask.run(FutureTask.java:264)
	at java.base/java.util.concurrent.Executors$RunnableAdapter.call(Executors.java:515)
	at java.base/java.util.concurrent.FutureTask.run(FutureTask.java:264)
	at java.base/java.util.concurrent.ThreadPoolExecutor.runWorker(ThreadPoolExecutor.java:1130)
	at java.base/java.util.concurrent.ThreadPoolExecutor$Worker.run(ThreadPoolExecutor.java:630)
	at java.base/java.lang.Thread.run(Thread.java:831)
</failure>
                    </testcase><testcase classname="petstore.acceptancetests.publicapi.pet.PetsSpec" name="Petstore Public APIs v0 GET pet/{id} should return 404 NotFound if id not valid" time="0.656">
                      
                    </testcase><testcase classname="petstore.acceptancetests.publicapi.pet.PetsSpec" name="Petstore Public APIs v0 POST pet/{id} should return 200 and return the created" time="0.666">
                      
                    </testcase>
          <system-out><![CDATA[]]></system-out>
          <system-err><![CDATA[]]></system-err>
        </testsuite>