{"name":"Appointments Public APIs v0 POST pet/{id} should return 200 and return the created","status":"broken","statusDetails":{"known":false,"muted":false,"flaky":false,"message":"Invalid JSON expression:\nScript1.groovy: 1: Unexpected input: ':' @ line 1, column 32.\n                            https://petstore.swagger.io/v2/pet\n                                  ^\n\n1 error\n","trace":"java.lang.IllegalArgumentException: Invalid JSON expression:\nScript1.groovy: 1: Unexpected input: ':' @ line 1, column 32.\n                            https://petstore.swagger.io/v2/pet\n                                  ^\n\n1 error\n\n\tat java.base/jdk.internal.reflect.NativeConstructorAccessorImpl.newInstance0(Native Method)\n\tat java.base/jdk.internal.reflect.NativeConstructorAccessorImpl.newInstance(NativeConstructorAccessorImpl.java:78)\n\tat java.base/jdk.internal.reflect.DelegatingConstructorAccessorImpl.newInstance(DelegatingConstructorAccessorImpl.java:45)\n\tat java.base/java.lang.reflect.Constructor.newInstanceWithCaller(Constructor.java:499)\n\tat java.base/java.lang.reflect.Constructor.newInstance(Constructor.java:480)\n\tat org.codehaus.groovy.reflection.CachedConstructor.invoke(CachedConstructor.java:72)\n\tat org.codehaus.groovy.runtime.callsite.ConstructorSite$ConstructorSiteNoUnwrapNoCoerce.callConstructor(ConstructorSite.java:105)\n\tat org.codehaus.groovy.runtime.callsite.CallSiteArray.defaultCallConstructor(CallSiteArray.java:59)\n\tat org.codehaus.groovy.runtime.callsite.AbstractCallSite.callConstructor(AbstractCallSite.java:263)\n\tat org.codehaus.groovy.runtime.callsite.AbstractCallSite.callConstructor(AbstractCallSite.java:286)\n\tat io.restassured.internal.path.json.JSONAssertion.getAsJsonObject(JSONAssertion.groovy:57)\n\tat io.restassured.internal.path.json.JSONAssertion$getAsJsonObject.callCurrent(Unknown Source)\n\tat org.codehaus.groovy.runtime.callsite.CallSiteArray.defaultCallCurrent(CallSiteArray.java:51)\n\tat org.codehaus.groovy.runtime.callsite.AbstractCallSite.callCurrent(AbstractCallSite.java:171)\n\tat org.codehaus.groovy.runtime.callsite.AbstractCallSite.callCurrent(AbstractCallSite.java:185)\n\tat io.restassured.internal.path.json.JSONAssertion.getResult(JSONAssertion.groovy:28)\n\tat io.restassured.path.json.JsonPath.get(JsonPath.java:203)\n\tat petstore.acceptancetests.publicapi.pet.PetsSpec.$anonfun$new$6(PetsSpec.scala:114)\n\tat org.scalatest.OutcomeOf.outcomeOf(OutcomeOf.scala:85)\n\tat org.scalatest.OutcomeOf.outcomeOf$(OutcomeOf.scala:83)\n\tat org.scalatest.OutcomeOf$.outcomeOf(OutcomeOf.scala:104)\n\tat org.scalatest.Transformer.apply(Transformer.scala:22)\n\tat org.scalatest.Transformer.apply(Transformer.scala:20)\n\tat org.scalatest.funspec.AnyFunSpecLike$$anon$1.apply(AnyFunSpecLike.scala:457)\n\tat org.scalatest.TestSuite.withFixture(TestSuite.scala:196)\n\tat org.scalatest.TestSuite.withFixture$(TestSuite.scala:195)\n\tat org.scalatest.funspec.AnyFunSpec.withFixture(AnyFunSpec.scala:1631)\n\tat org.scalatest.funspec.AnyFunSpecLike.invokeWithFixture$1(AnyFunSpecLike.scala:455)\n\tat org.scalatest.funspec.AnyFunSpecLike.$anonfun$runTest$1(AnyFunSpecLike.scala:467)\n\tat org.scalatest.SuperEngine.runTestImpl(Engine.scala:306)\n\tat org.scalatest.funspec.AnyFunSpecLike.runTest(AnyFunSpecLike.scala:467)\n\tat org.scalatest.funspec.AnyFunSpecLike.runTest$(AnyFunSpecLike.scala:449)\n\tat org.scalatest.funspec.AnyFunSpec.runTest(AnyFunSpec.scala:1631)\n\tat org.scalatest.funspec.AnyFunSpecLike.$anonfun$runTests$1(AnyFunSpecLike.scala:500)\n\tat org.scalatest.SuperEngine.$anonfun$runTestsInBranch$1(Engine.scala:413)\n\tat scala.collection.immutable.List.foreach(List.scala:333)\n\tat org.scalatest.SuperEngine.traverseSubNodes$1(Engine.scala:401)\n\tat org.scalatest.SuperEngine.runTestsInBranch(Engine.scala:390)\n\tat org.scalatest.SuperEngine.$anonfun$runTestsInBranch$1(Engine.scala:427)\n\tat scala.collection.immutable.List.foreach(List.scala:333)\n\tat org.scalatest.SuperEngine.traverseSubNodes$1(Engine.scala:401)\n\tat org.scalatest.SuperEngine.runTestsInBranch(Engine.scala:390)\n\tat org.scalatest.SuperEngine.$anonfun$runTestsInBranch$1(Engine.scala:427)\n\tat scala.collection.immutable.List.foreach(List.scala:333)\n\tat org.scalatest.SuperEngine.traverseSubNodes$1(Engine.scala:401)\n\tat org.scalatest.SuperEngine.runTestsInBranch(Engine.scala:396)\n\tat org.scalatest.SuperEngine.runTestsImpl(Engine.scala:475)\n\tat org.scalatest.funspec.AnyFunSpecLike.runTests(AnyFunSpecLike.scala:500)\n\tat org.scalatest.funspec.AnyFunSpecLike.runTests$(AnyFunSpecLike.scala:499)\n\tat org.scalatest.funspec.AnyFunSpec.runTests(AnyFunSpec.scala:1631)\n\tat org.scalatest.Suite.run(Suite.scala:1112)\n\tat org.scalatest.Suite.run$(Suite.scala:1094)\n\tat org.scalatest.funspec.AnyFunSpec.org$scalatest$funspec$AnyFunSpecLike$$super$run(AnyFunSpec.scala:1631)\n\tat org.scalatest.funspec.AnyFunSpecLike.$anonfun$run$1(AnyFunSpecLike.scala:504)\n\tat org.scalatest.SuperEngine.runImpl(Engine.scala:535)\n\tat org.scalatest.funspec.AnyFunSpecLike.run(AnyFunSpecLike.scala:504)\n\tat org.scalatest.funspec.AnyFunSpecLike.run$(AnyFunSpecLike.scala:503)\n\tat org.scalatest.funspec.AnyFunSpec.run(AnyFunSpec.scala:1631)\n\tat org.scalatest.tools.Framework.org$scalatest$tools$Framework$$runSuite(Framework.scala:318)\n\tat org.scalatest.tools.Framework$ScalaTestTask.execute(Framework.scala:513)\n\tat sbt.TestRunner.runTest$1(TestFramework.scala:140)\n\tat sbt.TestRunner.run(TestFramework.scala:155)\n\tat sbt.TestFramework$$anon$3$$anonfun$$lessinit$greater$1.$anonfun$apply$1(TestFramework.scala:318)\n\tat sbt.TestFramework$.sbt$TestFramework$$withContextLoader(TestFramework.scala:278)\n\tat sbt.TestFramework$$anon$3$$anonfun$$lessinit$greater$1.apply(TestFramework.scala:318)\n\tat sbt.TestFramework$$anon$3$$anonfun$$lessinit$greater$1.apply(TestFramework.scala:318)\n\tat sbt.TestFunction.apply(TestFramework.scala:330)\n\tat sbt.Tests$.$anonfun$toTask$1(Tests.scala:435)\n\tat sbt.std.Transform$$anon$3.$anonfun$apply$2(Transform.scala:46)\n\tat sbt.std.Transform$$anon$4.work(Transform.scala:68)\n\tat sbt.Execute.$anonfun$submit$2(Execute.scala:282)\n\tat sbt.internal.util.ErrorHandling$.wideConvert(ErrorHandling.scala:23)\n\tat sbt.Execute.work(Execute.scala:291)\n\tat sbt.Execute.$anonfun$submit$1(Execute.scala:282)\n\tat sbt.ConcurrentRestrictions$$anon$4.$anonfun$submitValid$1(ConcurrentRestrictions.scala:265)\n\tat sbt.CompletionService$$anon$2.call(CompletionService.scala:64)\n\tat java.base/java.util.concurrent.FutureTask.run(FutureTask.java:264)\n\tat java.base/java.util.concurrent.Executors$RunnableAdapter.call(Executors.java:515)\n\tat java.base/java.util.concurrent.FutureTask.run(FutureTask.java:264)\n\tat java.base/java.util.concurrent.ThreadPoolExecutor.runWorker(ThreadPoolExecutor.java:1130)\n\tat java.base/java.util.concurrent.ThreadPoolExecutor$Worker.run(ThreadPoolExecutor.java:630)\n\tat java.base/java.lang.Thread.run(Thread.java:831)\nCaused by: org.codehaus.groovy.control.MultipleCompilationErrorsException: startup failed:\nScript1.groovy: 1: Unexpected input: ':' @ line 1, column 32.\n   restAssuredJsonRootObject.https://petstore.swagger.io/v2/pet\n                                  ^\n\n1 error\n\n\tat org.codehaus.groovy.control.ErrorCollector.failIfErrors(ErrorCollector.java:295)\n\tat org.codehaus.groovy.control.ErrorCollector.addFatalError(ErrorCollector.java:151)\n\tat org.apache.groovy.parser.antlr4.AstBuilder.collectSyntaxError(AstBuilder.java:4582)\n\tat org.apache.groovy.parser.antlr4.AstBuilder.access$000(AstBuilder.java:341)\n\tat org.apache.groovy.parser.antlr4.AstBuilder$1.syntaxError(AstBuilder.java:4597)\n\tat groovyjarjarantlr4.v4.runtime.ProxyErrorListener.syntaxError(ProxyErrorListener.java:44)\n\tat groovyjarjarantlr4.v4.runtime.Parser.notifyErrorListeners(Parser.java:543)\n\tat groovyjarjarantlr4.v4.runtime.DefaultErrorStrategy.notifyErrorListeners(DefaultErrorStrategy.java:154)\n\tat org.apache.groovy.parser.antlr4.internal.DescriptiveErrorStrategy.reportInputMismatch(DescriptiveErrorStrategy.java:103)\n\tat org.apache.groovy.parser.antlr4.internal.DescriptiveErrorStrategy.recover(DescriptiveErrorStrategy.java:55)\n\tat org.apache.groovy.parser.antlr4.internal.DescriptiveErrorStrategy.recoverInline(DescriptiveErrorStrategy.java:68)\n\tat groovyjarjarantlr4.v4.runtime.Parser.match(Parser.java:213)\n\tat org.apache.groovy.parser.antlr4.GroovyParser.compilationUnit(GroovyParser.java:362)\n\tat org.apache.groovy.parser.antlr4.AstBuilder.buildCST(AstBuilder.java:405)\n\tat org.apache.groovy.parser.antlr4.AstBuilder.buildCST(AstBuilder.java:384)\n\tat org.apache.groovy.parser.antlr4.AstBuilder.buildAST(AstBuilder.java:424)\n\tat org.apache.groovy.parser.antlr4.Antlr4ParserPlugin.buildAST(Antlr4ParserPlugin.java:58)\n\tat org.codehaus.groovy.control.SourceUnit.buildAST(SourceUnit.java:257)\n\tat java.base/java.util.Iterator.forEachRemaining(Iterator.java:133)\n\tat java.base/java.util.Spliterators$IteratorSpliterator.forEachRemaining(Spliterators.java:1801)\n\tat java.base/java.util.stream.ReferencePipeline$Head.forEach(ReferencePipeline.java:762)\n\tat org.codehaus.groovy.control.CompilationUnit.buildASTs(CompilationUnit.java:666)\n\tat org.codehaus.groovy.control.CompilationUnit.compile(CompilationUnit.java:632)\n\tat groovy.lang.GroovyClassLoader.doParseClass(GroovyClassLoader.java:389)\n\tat groovy.lang.GroovyClassLoader.lambda$parseClass$3(GroovyClassLoader.java:332)\n\tat org.codehaus.groovy.runtime.memoize.StampedCommonCache.compute(StampedCommonCache.java:163)\n\tat org.codehaus.groovy.runtime.memoize.StampedCommonCache.getAndPut(StampedCommonCache.java:154)\n\tat groovy.lang.GroovyClassLoader.parseClass(GroovyClassLoader.java:330)\n\tat groovy.lang.GroovyShell.parseClass(GroovyShell.java:526)\n\tat groovy.lang.GroovyShell.parse(GroovyShell.java:538)\n\tat groovy.lang.GroovyShell.evaluate(GroovyShell.java:426)\n\tat groovy.lang.GroovyShell.evaluate(GroovyShell.java:461)\n\tat groovy.lang.GroovyShell.evaluate(GroovyShell.java:436)\n\tat java.base/jdk.internal.reflect.NativeMethodAccessorImpl.invoke0(Native Method)\n\tat java.base/jdk.internal.reflect.NativeMethodAccessorImpl.invoke(NativeMethodAccessorImpl.java:78)\n\tat java.base/jdk.internal.reflect.DelegatingMethodAccessorImpl.invoke(DelegatingMethodAccessorImpl.java:43)\n\tat java.base/java.lang.reflect.Method.invoke(Method.java:567)\n\tat org.codehaus.groovy.runtime.callsite.PlainObjectMetaMethodSite.doInvoke(PlainObjectMetaMethodSite.java:43)\n\tat org.codehaus.groovy.runtime.callsite.PogoMetaMethodSite$PogoCachedMethodSiteNoUnwrap.invoke(PogoMetaMethodSite.java:182)\n\tat org.codehaus.groovy.runtime.callsite.PogoMetaMethodSite.call(PogoMetaMethodSite.java:73)\n\tat org.codehaus.groovy.runtime.callsite.CallSiteArray.defaultCall(CallSiteArray.java:47)\n\tat org.codehaus.groovy.runtime.callsite.AbstractCallSite.call(AbstractCallSite.java:125)\n\tat org.codehaus.groovy.runtime.callsite.AbstractCallSite.call(AbstractCallSite.java:139)\n\tat io.restassured.internal.path.json.JSONAssertion.eval(JSONAssertion.groovy:80)\n\tat java.base/jdk.internal.reflect.NativeMethodAccessorImpl.invoke0(Native Method)\n\tat java.base/jdk.internal.reflect.NativeMethodAccessorImpl.invoke(NativeMethodAccessorImpl.java:78)\n\tat java.base/jdk.internal.reflect.DelegatingMethodAccessorImpl.invoke(DelegatingMethodAccessorImpl.java:43)\n\tat java.base/java.lang.reflect.Method.invoke(Method.java:567)\n\tat org.codehaus.groovy.runtime.callsite.PlainObjectMetaMethodSite.doInvoke(PlainObjectMetaMethodSite.java:43)\n\tat org.codehaus.groovy.runtime.callsite.PogoMetaMethodSite$PogoCachedMethodSiteNoUnwrapNoCoerce.invoke(PogoMetaMethodSite.java:193)\n\tat org.codehaus.groovy.runtime.callsite.PogoMetaMethodSite.callCurrent(PogoMetaMethodSite.java:61)\n\tat org.codehaus.groovy.runtime.callsite.CallSiteArray.defaultCallCurrent(CallSiteArray.java:51)\n\tat org.codehaus.groovy.runtime.callsite.AbstractCallSite.callCurrent(AbstractCallSite.java:171)\n\tat org.codehaus.groovy.runtime.callsite.AbstractCallSite.callCurrent(AbstractCallSite.java:203)\n\tat io.restassured.internal.path.json.JSONAssertion.getAsJsonObject(JSONAssertion.groovy:46)\n\t... 71 more\n"},"stage":"finished","steps":[],"attachments":[],"parameters":[],"start":1622130877855,"stop":1622130879195,"uuid":"53088e56-985b-4d28-8bce-ef698475381f","historyId":"24567dd38c23d6101df77d80692a45d3","testCaseId":"24567dd38c23d6101df77d80692a45d3","fullName":"petstore.acceptancetests.publicapi.pet.PetsSpec Appointments Public APIs v0 POST pet/{id} should return 200 and return the created","labels":[{"name":"suite","value":"PetsSpec"},{"name":"thread","value":"11806@Air-Donald-Lamaj-M1.local.ScalaTest-dispatcher(141)"},{"name":"host","value":"Air-Donald-Lamaj-M1.local"},{"name":"language","value":"scala"},{"name":"framework","value":"scalatest"},{"name":"testClass","value":"petstore.acceptancetests.publicapi.pet.PetsSpec"}],"links":[]}